<?xml version="1.0" encoding="UTF-8"?>
<testng-results skipped="0" failed="0" total="1" passed="1">
  <reporter-output>
  </reporter-output>
  <suite name="Default suite" duration-ms="9281" started-at="2016-05-24T12:05:01Z" finished-at="2016-05-24T12:05:10Z">
    <groups>
    </groups>
    <test name="Default test" duration-ms="9281" started-at="2016-05-24T12:05:01Z" finished-at="2016-05-24T12:05:10Z">
      <class name="com.kaplan.tests.GmailTests">
        <test-method status="PASS" signature="setUp()[pri:0, instance:com.kaplan.tests.GmailTests@4f933fd1]" name="setUp" is-config="true" duration-ms="5747" started-at="2016-05-24T08:05:01Z" finished-at="2016-05-24T08:05:06Z">
          <reporter-output>
          </reporter-output>
        </test-method> <!-- setUp -->
        <test-method status="PASS" signature="emailSearchTest()[pri:0, instance:com.kaplan.tests.GmailTests@4f933fd1]" name="emailSearchTest" duration-ms="3513" started-at="2016-05-24T08:05:06Z" finished-at="2016-05-24T08:05:10Z">
          <reporter-output>
          </reporter-output>
        </test-method> <!-- emailSearchTest -->
      </class> <!-- com.kaplan.tests.GmailTests -->
    </test> <!-- Default test -->
  </suite> <!-- Default suite -->
</testng-results>
